\BOOKMARK [0][-]{chapter.1}{Zusammenfassung}{}% 1
\BOOKMARK [1][-]{section.1.1}{Homomorphismus}{chapter.1}% 2
\BOOKMARK [1][-]{section.1.2}{Kategorien}{chapter.1}% 3
\BOOKMARK [1][-]{section.1.3}{Derived Systems}{chapter.1}% 4
\BOOKMARK [2][-]{subsection.1.3.1}{Subsysteme}{section.1.3}% 5
\BOOKMARK [3][-]{section*.10}{Subsysteme}{subsection.1.3.1}% 6
\BOOKMARK [3][-]{section*.13}{Intersection \(Schnitt\) und Union \(Vereinigung\)}{subsection.1.3.1}% 7
\BOOKMARK [3][-]{section*.18}{Verband}{subsection.1.3.1}% 8
\BOOKMARK [3][-]{section*.20}{Abschluss Operatoren \(Closure Operators\) \046 leere Systeme}{subsection.1.3.1}% 9
\BOOKMARK [3][-]{section*.26}{Inklusions-Homomorphismus}{subsection.1.3.1}% 10
\BOOKMARK [3][-]{section*.28}{Homomorphe Bilder}{subsection.1.3.1}% 11
\BOOKMARK [2][-]{subsection.1.3.2}{Quotient}{section.1.3}% 12
\BOOKMARK [3][-]{section*.36}{Kongruenz}{subsection.1.3.2}% 13
\BOOKMARK [3][-]{section*.39}{Verband}{subsection.1.3.2}% 14
\BOOKMARK [3][-]{section*.41}{Abschluss Operator}{subsection.1.3.2}% 15
\BOOKMARK [3][-]{section*.43}{Kernel}{subsection.1.3.2}% 16
\BOOKMARK [3][-]{section*.47}{Quotient}{subsection.1.3.2}% 17
\BOOKMARK [3][-]{section*.50}{Nat\374rlicher Homomorphismus}{subsection.1.3.2}% 18
\BOOKMARK [3][-]{section*.54}{Operatoren auf Relationensfamilien}{subsection.1.3.2}% 19
\BOOKMARK [1][-]{section.1.4}{Mono, Epi und Isomorphismen}{chapter.1}% 20
\BOOKMARK [2][-]{subsection.1.4.1}{Isomorphismus}{section.1.4}% 21
\BOOKMARK [2][-]{subsection.1.4.2}{Generelle Mono- und Epimorphismen}{section.1.4}% 22
\BOOKMARK [2][-]{subsection.1.4.3}{Spezielle Mono- und Epimorphismen}{section.1.4}% 23
\BOOKMARK [1][-]{section.1.5}{Faktorisierungssysteme}{chapter.1}% 24
